<?xml version="1.0" encoding="UTF-8"?>
<!-- Generated by org.testng.reporters.JUnitReportReporter -->
<testsuite skipped="0" hostname="RAKESH" name="dataProvider.Testing" tests="2" failures="0" timestamp="03 Dec 2020 06:51:13 GMT" time="0.008" errors="0">
  <testcase name="f" time="0.002" classname="dataProvider.Testing"/>
  <testcase name="f" time="0.006" classname="dataProvider.Testing"/>
</testsuite> <!-- dataProvider.Testing -->
