<?xml version="1.0" encoding="UTF-8"?>
<!-- Generated by org.testng.reporters.JUnitReportReporter -->
<testsuite skipped="0" hostname="RAKESH" name="dataProvider.Testng" tests="2" failures="0" timestamp="04 Dec 2020 13:44:20 GMT" time="0.007" errors="0">
  <testcase name="test" time="0.002" classname="dataProvider.Testng"/>
  <testcase name="test" time="0.005" classname="dataProvider.Testng"/>
</testsuite> <!-- dataProvider.Testng -->
