<?xml version="1.0" encoding="UTF-8"?>
<!-- Generated by org.testng.reporters.JUnitReportReporter -->
<testsuite skipped="0" hostname="RAKESH" name="dataProvider.Testng" tests="2" failures="0" timestamp="03 Dec 2020 09:14:20 GMT" time="0.011" errors="0">
  <testcase name="f" time="0.008" classname="dataProvider.Testng"/>
  <testcase name="f" time="0.003" classname="dataProvider.Testng"/>
</testsuite> <!-- dataProvider.Testng -->
